0 info it worked if it ends with ok
1 verbose cli [ 'node', '/usr/bin/npm', 'install', '--save', 'hubot-bij' ]
2 info using npm@2.13.5
3 info using node@v0.12.7
4 verbose node symlink /usr/bin/node
5 verbose install initial load of /home/hibut/farva/package.json
6 verbose installManyTop reading scoped package data from /home/hibut/farva/node_modules/hubot/package.json
7 verbose installManyTop reading scoped package data from /home/hibut/farva/node_modules/hubot-diagnostics/package.json
8 verbose installManyTop reading scoped package data from /home/hibut/farva/node_modules/hubot-euphemism/package.json
9 verbose installManyTop reading scoped package data from /home/hibut/farva/node_modules/hubot-google-images/package.json
10 verbose installManyTop reading scoped package data from /home/hibut/farva/node_modules/hubot-google-translate/package.json
11 verbose installManyTop reading scoped package data from /home/hibut/farva/node_modules/hubot-help/package.json
12 verbose installManyTop reading scoped package data from /home/hibut/farva/node_modules/hubot-heroku-keepalive/package.json
13 verbose installManyTop reading scoped package data from /home/hibut/farva/node_modules/hubot-humanity/package.json
14 verbose installManyTop reading scoped package data from /home/hibut/farva/node_modules/hubot-maps/package.json
15 verbose installManyTop reading scoped package data from /home/hibut/farva/node_modules/hubot-outofcontext/package.json
16 verbose installManyTop reading scoped package data from /home/hibut/farva/node_modules/hubot-plusplus/package.json
17 verbose installManyTop reading scoped package data from /home/hibut/farva/node_modules/hubot-pugme/package.json
18 verbose installManyTop reading scoped package data from /home/hibut/farva/node_modules/hubot-reaction/package.json
19 verbose installManyTop reading scoped package data from /home/hibut/farva/node_modules/hubot-redis-brain/package.json
20 verbose installManyTop reading scoped package data from /home/hibut/farva/node_modules/hubot-rules/package.json
21 verbose installManyTop reading scoped package data from /home/hibut/farva/node_modules/hubot-scripts/package.json
22 verbose installManyTop reading scoped package data from /home/hibut/farva/node_modules/hubot-shipit/package.json
23 verbose installManyTop reading scoped package data from /home/hibut/farva/node_modules/hubot-slack/package.json
24 verbose installManyTop reading scoped package data from /home/hibut/farva/node_modules/hubot-soon/package.json
25 info package.json hubot-scripts@2.16.2 No license field.
26 info package.json hubot-slack@3.3.0 No license field.
27 verbose readDependencies loading dependencies from /home/hibut/farva/package.json
28 silly cache add args [ 'hubot-bij', null ]
29 verbose cache add spec hubot-bij
30 silly cache add parsed spec { raw: 'hubot-bij',
30 silly cache add   scope: null,
30 silly cache add   name: 'hubot-bij',
30 silly cache add   rawSpec: '',
30 silly cache add   spec: '*',
30 silly cache add   type: 'range' }
31 silly addNamed hubot-bij@*
32 verbose addNamed "*" is a valid semver range for hubot-bij
33 silly addNameRange { name: 'hubot-bij', range: '*', hasData: false }
34 silly mapToRegistry name hubot-bij
35 silly mapToRegistry using default registry
36 silly mapToRegistry registry https://registry.npmjs.org/
37 silly mapToRegistry uri https://registry.npmjs.org/hubot-bij
38 verbose addNameRange registry:https://registry.npmjs.org/hubot-bij not in flight; fetching
39 verbose request uri https://registry.npmjs.org/hubot-bij
40 verbose request no auth needed
41 info attempt registry request try #1 at 09:01:39
42 verbose request id 4d2156cc17032c63
43 http request GET https://registry.npmjs.org/hubot-bij
44 http 404 https://registry.npmjs.org/hubot-bij
45 verbose headers { 'content-type': 'application/json',
45 verbose headers   'cache-control': 'max-age=0',
45 verbose headers   'content-length': '2',
45 verbose headers   'accept-ranges': 'bytes',
45 verbose headers   date: 'Tue, 25 Aug 2015 13:01:40 GMT',
45 verbose headers   via: '1.1 varnish',
45 verbose headers   age: '0',
45 verbose headers   connection: 'keep-alive',
45 verbose headers   'x-served-by': 'cache-ord1733-ORD',
45 verbose headers   'x-cache': 'MISS',
45 verbose headers   'x-cache-hits': '0',
45 verbose headers   'x-timer': 'S1440507700.136129,VS0,VE41' }
46 silly get cb [ 404,
46 silly get   { 'content-type': 'application/json',
46 silly get     'cache-control': 'max-age=0',
46 silly get     'content-length': '2',
46 silly get     'accept-ranges': 'bytes',
46 silly get     date: 'Tue, 25 Aug 2015 13:01:40 GMT',
46 silly get     via: '1.1 varnish',
46 silly get     age: '0',
46 silly get     connection: 'keep-alive',
46 silly get     'x-served-by': 'cache-ord1733-ORD',
46 silly get     'x-cache': 'MISS',
46 silly get     'x-cache-hits': '0',
46 silly get     'x-timer': 'S1440507700.136129,VS0,VE41' } ]
47 verbose stack Error: Registry returned 404 for GET on https://registry.npmjs.org/hubot-bij
47 verbose stack     at CachingRegistryClient.<anonymous> (/usr/lib/node_modules/npm/node_modules/npm-registry-client/lib/request.js:239:14)
47 verbose stack     at Request._callback (/usr/lib/node_modules/npm/node_modules/npm-registry-client/lib/request.js:170:14)
47 verbose stack     at Request.self.callback (/usr/lib/node_modules/npm/node_modules/request/request.js:198:22)
47 verbose stack     at Request.emit (events.js:110:17)
47 verbose stack     at Request.<anonymous> (/usr/lib/node_modules/npm/node_modules/request/request.js:1057:14)
47 verbose stack     at Request.emit (events.js:129:20)
47 verbose stack     at IncomingMessage.<anonymous> (/usr/lib/node_modules/npm/node_modules/request/request.js:1003:12)
47 verbose stack     at IncomingMessage.emit (events.js:129:20)
47 verbose stack     at _stream_readable.js:908:16
47 verbose stack     at process._tickCallback (node.js:355:11)
48 verbose statusCode 404
49 verbose pkgid hubot-bij
50 verbose cwd /home/hibut/farva
51 error Linux 3.19.0-26-generic
52 error argv "node" "/usr/bin/npm" "install" "--save" "hubot-bij"
53 error node v0.12.7
54 error npm  v2.13.5
55 error code E404
56 error 404 Registry returned 404 for GET on https://registry.npmjs.org/hubot-bij
56 error 404
56 error 404 'hubot-bij' is not in the npm registry.
56 error 404 You should bug the author to publish it (or use the name yourself!)
56 error 404 It was specified as a dependency of 'farva'
56 error 404
56 error 404 Note that you can also install from a
56 error 404 tarball, folder, http url, or git url.
57 verbose exit [ 1, true ]
